The MPI test test_mpi for C in mode normal failed to compile with the following output:
Change Dir: /home/andrew/Documents/ParallelImageSegmentation/Code/MPI/CMakeFiles/CMakeTmp

Run Build Command(s):/usr/bin/gmake -f Makefile cmTC_5592e/fast && /usr/bin/gmake  -f CMakeFiles/cmTC_5592e.dir/build.make CMakeFiles/cmTC_5592e.dir/build
gmake[1]: Entering directory '/home/andrew/Documents/ParallelImageSegmentation/Code/MPI/CMakeFiles/CMakeTmp'
Building C object CMakeFiles/cmTC_5592e.dir/test_mpi.c.o
/usr/bin/cc    -o CMakeFiles/cmTC_5592e.dir/test_mpi.c.o -c /usr/share/cmake-3.22/Modules/FindMPI/test_mpi.c
/usr/share/cmake-3.22/Modules/FindMPI/test_mpi.c:1:10: fatal error: mpi.h: No such file or directory
    1 | #include <mpi.h>
      |          ^~~~~~~
compilation terminated.
gmake[1]: *** [CMakeFiles/cmTC_5592e.dir/build.make:78: CMakeFiles/cmTC_5592e.dir/test_mpi.c.o] Error 1
gmake[1]: Leaving directory '/home/andrew/Documents/ParallelImageSegmentation/Code/MPI/CMakeFiles/CMakeTmp'
gmake: *** [Makefile:127: cmTC_5592e/fast] Error 2



The MPI test test_mpi for CXX in mode normal failed to compile with the following output:
Change Dir: /home/andrew/Documents/ParallelImageSegmentation/Code/MPI/CMakeFiles/CMakeTmp

Run Build Command(s):/usr/bin/gmake -f Makefile cmTC_709a5/fast && /usr/bin/gmake  -f CMakeFiles/cmTC_709a5.dir/build.make CMakeFiles/cmTC_709a5.dir/build
gmake[1]: Entering directory '/home/andrew/Documents/ParallelImageSegmentation/Code/MPI/CMakeFiles/CMakeTmp'
Building CXX object CMakeFiles/cmTC_709a5.dir/test_mpi.cpp.o
/usr/bin/c++    -o CMakeFiles/cmTC_709a5.dir/test_mpi.cpp.o -c /home/andrew/Documents/ParallelImageSegmentation/Code/MPI/CMakeFiles/FindMPI/test_mpi.cpp
/home/andrew/Documents/ParallelImageSegmentation/Code/MPI/CMakeFiles/FindMPI/test_mpi.cpp:1:10: fatal error: mpi.h: No such file or directory
    1 | #include <mpi.h>
      |          ^~~~~~~
compilation terminated.
gmake[1]: *** [CMakeFiles/cmTC_709a5.dir/build.make:78: CMakeFiles/cmTC_709a5.dir/test_mpi.cpp.o] Error 1
gmake[1]: Leaving directory '/home/andrew/Documents/ParallelImageSegmentation/Code/MPI/CMakeFiles/CMakeTmp'
gmake: *** [Makefile:127: cmTC_709a5/fast] Error 2



The MPI test test_mpi for C in mode normal failed to compile with the following output:
Change Dir: /home/andrew/Documents/ParallelImageSegmentation/Code/MPI/CMakeFiles/CMakeTmp

Run Build Command(s):/usr/bin/gmake -f Makefile cmTC_40689/fast && /usr/bin/gmake  -f CMakeFiles/cmTC_40689.dir/build.make CMakeFiles/cmTC_40689.dir/build
gmake[1]: Entering directory '/home/andrew/Documents/ParallelImageSegmentation/Code/MPI/CMakeFiles/CMakeTmp'
Building C object CMakeFiles/cmTC_40689.dir/test_mpi.c.o
/usr/bin/cc    -o CMakeFiles/cmTC_40689.dir/test_mpi.c.o -c /usr/share/cmake-3.22/Modules/FindMPI/test_mpi.c
/usr/share/cmake-3.22/Modules/FindMPI/test_mpi.c:1:10: fatal error: mpi.h: No such file or directory
    1 | #include <mpi.h>
      |          ^~~~~~~
compilation terminated.
gmake[1]: *** [CMakeFiles/cmTC_40689.dir/build.make:78: CMakeFiles/cmTC_40689.dir/test_mpi.c.o] Error 1
gmake[1]: Leaving directory '/home/andrew/Documents/ParallelImageSegmentation/Code/MPI/CMakeFiles/CMakeTmp'
gmake: *** [Makefile:127: cmTC_40689/fast] Error 2



The MPI test test_mpi for CXX in mode normal failed to compile with the following output:
Change Dir: /home/andrew/Documents/ParallelImageSegmentation/Code/MPI/CMakeFiles/CMakeTmp

Run Build Command(s):/usr/bin/gmake -f Makefile cmTC_13b1d/fast && /usr/bin/gmake  -f CMakeFiles/cmTC_13b1d.dir/build.make CMakeFiles/cmTC_13b1d.dir/build
gmake[1]: Entering directory '/home/andrew/Documents/ParallelImageSegmentation/Code/MPI/CMakeFiles/CMakeTmp'
Building CXX object CMakeFiles/cmTC_13b1d.dir/test_mpi.cpp.o
/usr/bin/c++    -o CMakeFiles/cmTC_13b1d.dir/test_mpi.cpp.o -c /home/andrew/Documents/ParallelImageSegmentation/Code/MPI/CMakeFiles/FindMPI/test_mpi.cpp
/home/andrew/Documents/ParallelImageSegmentation/Code/MPI/CMakeFiles/FindMPI/test_mpi.cpp:1:10: fatal error: mpi.h: No such file or directory
    1 | #include <mpi.h>
      |          ^~~~~~~
compilation terminated.
gmake[1]: *** [CMakeFiles/cmTC_13b1d.dir/build.make:78: CMakeFiles/cmTC_13b1d.dir/test_mpi.cpp.o] Error 1
gmake[1]: Leaving directory '/home/andrew/Documents/ParallelImageSegmentation/Code/MPI/CMakeFiles/CMakeTmp'
gmake: *** [Makefile:127: cmTC_13b1d/fast] Error 2



The MPI test test_mpi for C in mode normal failed to compile with the following output:
Change Dir: /home/andrew/Documents/ParallelImageSegmentation/Code/MPI/CMakeFiles/CMakeTmp

Run Build Command(s):/usr/bin/gmake -f Makefile cmTC_8b3c5/fast && /usr/bin/gmake  -f CMakeFiles/cmTC_8b3c5.dir/build.make CMakeFiles/cmTC_8b3c5.dir/build
gmake[1]: Entering directory '/home/andrew/Documents/ParallelImageSegmentation/Code/MPI/CMakeFiles/CMakeTmp'
Building C object CMakeFiles/cmTC_8b3c5.dir/test_mpi.c.o
/usr/bin/cc    -o CMakeFiles/cmTC_8b3c5.dir/test_mpi.c.o -c /usr/share/cmake-3.22/Modules/FindMPI/test_mpi.c
/usr/share/cmake-3.22/Modules/FindMPI/test_mpi.c:1:10: fatal error: mpi.h: No such file or directory
    1 | #include <mpi.h>
      |          ^~~~~~~
compilation terminated.
gmake[1]: *** [CMakeFiles/cmTC_8b3c5.dir/build.make:78: CMakeFiles/cmTC_8b3c5.dir/test_mpi.c.o] Error 1
gmake[1]: Leaving directory '/home/andrew/Documents/ParallelImageSegmentation/Code/MPI/CMakeFiles/CMakeTmp'
gmake: *** [Makefile:127: cmTC_8b3c5/fast] Error 2



The MPI test test_mpi for CXX in mode normal failed to compile with the following output:
Change Dir: /home/andrew/Documents/ParallelImageSegmentation/Code/MPI/CMakeFiles/CMakeTmp

Run Build Command(s):/usr/bin/gmake -f Makefile cmTC_da25e/fast && /usr/bin/gmake  -f CMakeFiles/cmTC_da25e.dir/build.make CMakeFiles/cmTC_da25e.dir/build
gmake[1]: Entering directory '/home/andrew/Documents/ParallelImageSegmentation/Code/MPI/CMakeFiles/CMakeTmp'
Building CXX object CMakeFiles/cmTC_da25e.dir/test_mpi.cpp.o
/usr/bin/c++    -o CMakeFiles/cmTC_da25e.dir/test_mpi.cpp.o -c /home/andrew/Documents/ParallelImageSegmentation/Code/MPI/CMakeFiles/FindMPI/test_mpi.cpp
/home/andrew/Documents/ParallelImageSegmentation/Code/MPI/CMakeFiles/FindMPI/test_mpi.cpp:1:10: fatal error: mpi.h: No such file or directory
    1 | #include <mpi.h>
      |          ^~~~~~~
compilation terminated.
gmake[1]: *** [CMakeFiles/cmTC_da25e.dir/build.make:78: CMakeFiles/cmTC_da25e.dir/test_mpi.cpp.o] Error 1
gmake[1]: Leaving directory '/home/andrew/Documents/ParallelImageSegmentation/Code/MPI/CMakeFiles/CMakeTmp'
gmake: *** [Makefile:127: cmTC_da25e/fast] Error 2



The MPI test test_mpi for C in mode normal failed to compile with the following output:
Change Dir: /home/andrew/Documents/ParallelImageSegmentation/Code/MPI/CMakeFiles/CMakeTmp

Run Build Command(s):/usr/bin/gmake -f Makefile cmTC_bfc30/fast && /usr/bin/gmake  -f CMakeFiles/cmTC_bfc30.dir/build.make CMakeFiles/cmTC_bfc30.dir/build
gmake[1]: Entering directory '/home/andrew/Documents/ParallelImageSegmentation/Code/MPI/CMakeFiles/CMakeTmp'
Building C object CMakeFiles/cmTC_bfc30.dir/test_mpi.c.o
/usr/bin/cc    -o CMakeFiles/cmTC_bfc30.dir/test_mpi.c.o -c /usr/share/cmake-3.22/Modules/FindMPI/test_mpi.c
/usr/share/cmake-3.22/Modules/FindMPI/test_mpi.c:1:10: fatal error: mpi.h: No such file or directory
    1 | #include <mpi.h>
      |          ^~~~~~~
compilation terminated.
gmake[1]: *** [CMakeFiles/cmTC_bfc30.dir/build.make:78: CMakeFiles/cmTC_bfc30.dir/test_mpi.c.o] Error 1
gmake[1]: Leaving directory '/home/andrew/Documents/ParallelImageSegmentation/Code/MPI/CMakeFiles/CMakeTmp'
gmake: *** [Makefile:127: cmTC_bfc30/fast] Error 2



The MPI test test_mpi for CXX in mode normal failed to compile with the following output:
Change Dir: /home/andrew/Documents/ParallelImageSegmentation/Code/MPI/CMakeFiles/CMakeTmp

Run Build Command(s):/usr/bin/gmake -f Makefile cmTC_5e7b3/fast && /usr/bin/gmake  -f CMakeFiles/cmTC_5e7b3.dir/build.make CMakeFiles/cmTC_5e7b3.dir/build
gmake[1]: Entering directory '/home/andrew/Documents/ParallelImageSegmentation/Code/MPI/CMakeFiles/CMakeTmp'
Building CXX object CMakeFiles/cmTC_5e7b3.dir/test_mpi.cpp.o
/usr/bin/c++    -o CMakeFiles/cmTC_5e7b3.dir/test_mpi.cpp.o -c /home/andrew/Documents/ParallelImageSegmentation/Code/MPI/CMakeFiles/FindMPI/test_mpi.cpp
/home/andrew/Documents/ParallelImageSegmentation/Code/MPI/CMakeFiles/FindMPI/test_mpi.cpp:1:10: fatal error: mpi.h: No such file or directory
    1 | #include <mpi.h>
      |          ^~~~~~~
compilation terminated.
gmake[1]: *** [CMakeFiles/cmTC_5e7b3.dir/build.make:78: CMakeFiles/cmTC_5e7b3.dir/test_mpi.cpp.o] Error 1
gmake[1]: Leaving directory '/home/andrew/Documents/ParallelImageSegmentation/Code/MPI/CMakeFiles/CMakeTmp'
gmake: *** [Makefile:127: cmTC_5e7b3/fast] Error 2



The MPI test test_mpi for C in mode normal failed to compile with the following output:
Change Dir: /home/andrew/Documents/ParallelImageSegmentation/Code/MPI/CMakeFiles/CMakeTmp

Run Build Command(s):/usr/bin/gmake -f Makefile cmTC_c044c/fast && /usr/bin/gmake  -f CMakeFiles/cmTC_c044c.dir/build.make CMakeFiles/cmTC_c044c.dir/build
gmake[1]: Entering directory '/home/andrew/Documents/ParallelImageSegmentation/Code/MPI/CMakeFiles/CMakeTmp'
Building C object CMakeFiles/cmTC_c044c.dir/test_mpi.c.o
/usr/bin/cc    -o CMakeFiles/cmTC_c044c.dir/test_mpi.c.o -c /usr/share/cmake-3.22/Modules/FindMPI/test_mpi.c
Linking C executable cmTC_c044c
/usr/bin/cmake -E cmake_link_script CMakeFiles/cmTC_c044c.dir/link.txt --verbose=1
/usr/bin/cc -rdynamic CMakeFiles/cmTC_c044c.dir/test_mpi.c.o -o cmTC_c044c 
/usr/bin/ld: CMakeFiles/cmTC_c044c.dir/test_mpi.c.o: in function `main':
test_mpi.c:(.text+0x31): undefined reference to `MPI_Init'
/usr/bin/ld: test_mpi.c:(.text+0x36): undefined reference to `MPI_Finalize'
collect2: error: ld returned 1 exit status
gmake[1]: *** [CMakeFiles/cmTC_c044c.dir/build.make:99: cmTC_c044c] Error 1
gmake[1]: Leaving directory '/home/andrew/Documents/ParallelImageSegmentation/Code/MPI/CMakeFiles/CMakeTmp'
gmake: *** [Makefile:127: cmTC_c044c/fast] Error 2



The MPI test test_mpi for CXX in mode normal failed to compile with the following output:
Change Dir: /home/andrew/Documents/ParallelImageSegmentation/Code/MPI/CMakeFiles/CMakeTmp

Run Build Command(s):/usr/bin/gmake -f Makefile cmTC_7dea8/fast && /usr/bin/gmake  -f CMakeFiles/cmTC_7dea8.dir/build.make CMakeFiles/cmTC_7dea8.dir/build
gmake[1]: Entering directory '/home/andrew/Documents/ParallelImageSegmentation/Code/MPI/CMakeFiles/CMakeTmp'
Building CXX object CMakeFiles/cmTC_7dea8.dir/test_mpi.cpp.o
/usr/bin/c++    -o CMakeFiles/cmTC_7dea8.dir/test_mpi.cpp.o -c /home/andrew/Documents/ParallelImageSegmentation/Code/MPI/CMakeFiles/FindMPI/test_mpi.cpp
Linking CXX executable cmTC_7dea8
/usr/bin/cmake -E cmake_link_script CMakeFiles/cmTC_7dea8.dir/link.txt --verbose=1
/usr/bin/c++ -rdynamic CMakeFiles/cmTC_7dea8.dir/test_mpi.cpp.o -o cmTC_7dea8 
/usr/bin/ld: CMakeFiles/cmTC_7dea8.dir/test_mpi.cpp.o: in function `main':
test_mpi.cpp:(.text+0x31): undefined reference to `MPI_Init'
/usr/bin/ld: test_mpi.cpp:(.text+0x36): undefined reference to `MPI_Finalize'
collect2: error: ld returned 1 exit status
gmake[1]: *** [CMakeFiles/cmTC_7dea8.dir/build.make:99: cmTC_7dea8] Error 1
gmake[1]: Leaving directory '/home/andrew/Documents/ParallelImageSegmentation/Code/MPI/CMakeFiles/CMakeTmp'
gmake: *** [Makefile:127: cmTC_7dea8/fast] Error 2



